2022/11/14 15:48:16 5500 : Trying to dial: 5501
2022/11/14 15:48:17 5501 : Trying to dial: 5502
2022/11/14 15:48:18 5500 : Do you want to enter the critical state? (type 'yes' or 'no')
2022/11/14 15:48:32 5503 : Trying to dial: 5504
2022/11/14 15:48:34 5502 : Trying to dial: 5503
2022/11/14 15:48:34 5501 : Do you want to enter the critical state? (type 'yes' or 'no')
2022/11/14 15:48:34 5504 : Trying to dial: 5500
2022/11/14 15:48:34 5502 : Do you want to enter the critical state? (type 'yes' or 'no')
2022/11/14 15:48:34 5503 : Do you want to enter the critical state? (type 'yes' or 'no')
2022/11/14 15:48:34 5504 : Do you want to enter the critical state? (type 'yes' or 'no')
2022/11/14 15:49:18 User ( 5503 ): yes
2022/11/14 15:49:18 5503 : Okay! Wait for the token to be passed along to you.
2022/11/14 15:49:18 5503 : You are now in the critical state. Do you want to exit the state? (type 'yes' or 'no')
2022/11/14 15:49:23 User ( 5504 ): yes
2022/11/14 15:49:23 5504 : Okay! Wait for the token to be passed along to you.
2022/11/14 15:49:29 User ( 5500 ): yes
2022/11/14 15:49:29 5500 : Okay! Wait for the token to be passed along to you.
2022/11/14 15:49:32 User ( 5503 ): yes
2022/11/14 15:49:32 5503 : Okay! You have passed the token along
2022/11/14 15:49:32 5503 : Do you want to enter the critical state? (type 'yes' or 'no')
2022/11/14 15:49:32 5504 : You are now in the critical state. Do you want to exit the state? (type 'yes' or 'no')
2022/11/14 15:49:35 User ( 5504 ): yes
2022/11/14 15:49:35 5504 : Okay! You have passed the token along
2022/11/14 15:49:35 5504 : Do you want to enter the critical state? (type 'yes' or 'no')
2022/11/14 15:49:35 5500 : You are now in the critical state. Do you want to exit the state? (type 'yes' or 'no')
2022/11/14 15:49:39 User ( 5500 ): yes
2022/11/14 15:49:39 5500 : Okay! You have passed the token along
2022/11/14 15:49:39 5500 : Do you want to enter the critical state? (type 'yes' or 'no')
